\BOOKMARK [1][-]{section.1}{\376\377\000R\000e\000m\000i\000n\000d\000e\000r\000s}{}% 1
\BOOKMARK [2][-]{subsection.1.1}{\376\377\000G\000r\000o\000u\000p\000\040\000a\000c\000t\000i\000o\000n}{section.1}% 2
\BOOKMARK [2][-]{subsection.1.2}{\376\377\000N\000o\000r\000m\000a\000l\000\040\000s\000u\000b\000g\000r\000o\000u\000p}{section.1}% 3
\BOOKMARK [2][-]{subsection.1.3}{\376\377\000H\000o\000m\000o\000m\000o\000r\000p\000h\000i\000s\000m}{section.1}% 4
\BOOKMARK [2][-]{subsection.1.4}{\376\377\000D\000i\000h\000e\000d\000r\000a\000l\000\040\000g\000r\000o\000u\000p}{section.1}% 5
\BOOKMARK [2][-]{subsection.1.5}{\376\377\000L\000i\000n\000e\000a\000r\000\040\000m\000a\000p}{section.1}% 6
\BOOKMARK [1][-]{section.2}{\376\377\000G\000r\000o\000u\000p\000\040\000p\000r\000e\000s\000e\000n\000t\000a\000t\000i\000o\000n}{}% 7
\BOOKMARK [1][-]{section.3}{\376\377\000R\000e\000p\000r\000e\000s\000e\000n\000t\000a\000t\000i\000o\000n}{}% 8
\BOOKMARK [2][-]{subsection.3.1}{\376\377\000M\000a\000t\000r\000i\000x\000\040\000r\000e\000p\000r\000e\000s\000e\000n\000t\000a\000t\000i\000o\000n}{section.3}% 9
\BOOKMARK [2][-]{subsection.3.2}{\376\377\000C\000o\000m\000p\000l\000e\000x\000\040\000r\000e\000p\000r\000e\000s\000e\000n\000t\000a\000t\000i\000o\000n\000s\000\040\000o\000f\000\040\000C\000n}{section.3}% 10
\BOOKMARK [1][-]{section.4}{\376\377\000C\000h\000a\000r\000a\000c\000t\000e\000r\000:\000\040\000f\000i\000r\000s\000t\000\040\000e\000n\000c\000o\000u\000n\000t\000e\000r}{}% 11
\BOOKMARK [2][-]{subsection.4.1}{\376\377\000I\000s\000o\000m\000o\000r\000p\000h\000i\000c\000\040\000r\000e\000p\000r\000e\000s\000e\000n\000t\000a\000t\000i\000o\000n\000s\000\040\000h\000a\000v\000e\000\040\000s\000a\000m\000e\000\040\000c\000h\000a\000r\000a\000c\000t\000e\000r}{section.4}% 12
\BOOKMARK [2][-]{subsection.4.2}{\376\377\000M\000a\000t\000r\000i\000x\000\040\000o\000f\000\040\000f\000i\000n\000i\000t\000e\000\040\000o\000r\000d\000e\000r}{section.4}% 13
\BOOKMARK [2][-]{subsection.4.3}{\376\377\000F\000i\000r\000s\000t\000\040\000p\000r\000o\000p\000e\000r\000t\000i\000e\000s\000\040\000o\000f\000\040\000c\000h\000a\000r\000a\000c\000t\000e\000r}{section.4}% 14
\BOOKMARK [1][-]{section.5}{\376\377\000L\000i\000n\000e\000a\000r\000\040\000r\000e\000p\000r\000e\000s\000e\000n\000t\000a\000t\000i\000o\000n\000\040\000a\000n\000d\000\040\000K\000G\000-\000m\000o\000d\000u\000l\000e}{}% 15
\BOOKMARK [2][-]{subsection.5.1}{\376\377\000C\000o\000r\000r\000e\000s\000p\000o\000n\000d\000e\000n\000c\000e\000\040\000b\000e\000t\000w\000e\000e\000n\000\040\000m\000a\000t\000r\000i\000x\000\040\000r\000e\000p\000r\000e\000s\000e\000n\000t\000a\000t\000i\000o\000n\000s\000\040\000a\000n\000d\000\040\000l\000i\000n\000e\000a\000r\000\040\000r\000e\000p\000r\000e\000s\000e\000n\000t\000a\000t\000i\000o\000n\000s}{section.5}% 16
\BOOKMARK [2][-]{subsection.5.2}{\376\377\000T\000h\000e\000\040\000r\000e\000g\000u\000l\000a\000r\000\040\000r\000e\000p\000r\000e\000s\000e\000n\000t\000a\000t\000i\000o\000n}{section.5}% 17
\BOOKMARK [2][-]{subsection.5.3}{\376\377\000K\000G\000-\000m\000o\000d\000u\000l\000e}{section.5}% 18
\BOOKMARK [1][-]{section.6}{\376\377\000S\000u\000b\000m\000o\000d\000u\000l\000e\000\040\000a\000n\000d\000\040\000m\000o\000r\000p\000h\000i\000s\000m}{}% 19
\BOOKMARK [2][-]{subsection.6.1}{\376\377\000S\000u\000b\000m\000o\000d\000u\000l\000e\000\040\000a\000n\000d\000\040\000r\000e\000d\000u\000c\000i\000b\000i\000l\000i\000t\000y}{section.6}% 20
\BOOKMARK [2][-]{subsection.6.2}{\376\377\000R\000e\000d\000u\000c\000i\000b\000l\000e\000\040\000r\000e\000p\000r\000e\000s\000e\000n\000t\000a\000t\000i\000o\000n\000\040\000i\000n\000\040\000t\000e\000r\000m\000s\000\040\000o\000f\000\040\000m\000a\000t\000r\000i\000c\000e\000s}{section.6}% 21
\BOOKMARK [2][-]{subsection.6.3}{\376\377\000P\000e\000r\000m\000u\000t\000a\000t\000i\000o\000n\000\040\000r\000e\000p\000r\000e\000s\000e\000n\000t\000a\000t\000i\000o\000n}{section.6}% 22
\BOOKMARK [2][-]{subsection.6.4}{\376\377\000M\000o\000r\000p\000h\000i\000s\000m}{section.6}% 23
\BOOKMARK [2][-]{subsection.6.5}{\376\377\000S\000c\000h\000u\000r\000'\000s\000\040\000l\000e\000m\000m\000a}{section.6}% 24
\BOOKMARK [1][-]{section.7}{\376\377\000M\000a\000s\000c\000h\000k\000e\000'\000s\000\040\000t\000h\000e\000o\000r\000e\000m}{}% 25
\BOOKMARK [2][-]{subsection.7.1}{\376\377\000P\000r\000o\000j\000e\000c\000t\000i\000o\000n}{section.7}% 26
\BOOKMARK [2][-]{subsection.7.2}{\376\377\000S\000e\000m\000i\000s\000i\000m\000p\000l\000i\000c\000i\000t\000y\000\040\000a\000n\000d\000\040\000c\000o\000m\000p\000l\000e\000m\000e\000n\000t\000a\000r\000y\000\040\000m\000o\000d\000u\000l\000e\000s}{section.7}% 27
\BOOKMARK [2][-]{subsection.7.3}{\376\377\000M\000a\000s\000c\000h\000k\000e\000'\000s\000\040\000t\000h\000e\000o\000r\000e\000m}{section.7}% 28
\BOOKMARK [2][-]{subsection.7.4}{\376\377\000O\000r\000t\000h\000o\000g\000o\000n\000a\000l\000i\000t\000y\000\040\000r\000e\000l\000a\000t\000i\000o\000n\000s\000\040\000o\000f\000\040\000c\000h\000a\000r\000a\000c\000t\000e\000r\000s}{section.7}% 29
\BOOKMARK [2][-]{subsection.7.5}{\376\377\000D\000e\000c\000o\000m\000p\000o\000s\000i\000t\000i\000o\000n\000\040\000o\000f\000\040\000r\000e\000g\000u\000l\000a\000r\000\040\000r\000e\000p\000r\000e\000s\000e\000n\000t\000a\000t\000i\000o\000n}{section.7}% 30
\BOOKMARK [3][-]{subsubsection.7.5.1}{\376\377\000T\000h\000e\000\040\000W\000e\000d\000d\000e\000r\000b\000u\000r\000n\000\040\000i\000s\000o\000m\000o\000r\000p\000h\000i\000s\000m}{subsection.7.5}% 31
\BOOKMARK [3][-]{subsubsection.7.5.2}{\376\377\000C\000h\000a\000r\000a\000c\000t\000e\000r\000\040\000t\000a\000b\000l\000e\000s}{subsection.7.5}% 32
\BOOKMARK [2][-]{subsection.7.6}{\376\377\000T\000h\000e\000\040\000i\000s\000o\000t\000y\000p\000i\000c\000\040\000d\000e\000c\000o\000m\000p\000o\000s\000i\000t\000i\000o\000n}{section.7}% 33
\BOOKMARK [1][-]{section.8}{\376\377\000I\000n\000d\000u\000c\000e\000d\000\040\000r\000e\000p\000r\000e\000s\000e\000n\000t\000a\000t\000i\000o\000n}{}% 34
\BOOKMARK [1][-]{section.9}{\376\377\000A\000n\000\040\000i\000n\000-\000d\000e\000p\000t\000h\000\040\000e\000x\000a\000m\000p\000l\000e\000:\000\040\000t\000h\000e\000\040\000s\000y\000m\000m\000e\000t\000r\000i\000c\000\040\000g\000r\000o\000u\000p\000\040\000S\000n}{}% 35
\BOOKMARK [2][-]{subsection.9.1}{\376\377\000Y\000o\000u\000n\000g\000\040\000s\000u\000b\000g\000r\000o\000u\000p\000,\000\040\000t\000a\000b\000l\000e\000a\000u\000,\000\040\000t\000a\000b\000l\000o\000i\000d}{section.9}% 36
\BOOKMARK [2][-]{subsection.9.2}{\376\377\000D\000o\000m\000i\000n\000a\000n\000c\000e\000\040\000a\000n\000d\000\040\000l\000e\000x\000i\000c\000o\000g\000r\000a\000p\000h\000i\000c\000\040\000o\000r\000d\000e\000r\000i\000n\000g}{section.9}% 37
\BOOKMARK [2][-]{subsection.9.3}{\376\377\000S\000p\000e\000c\000h\000t\000\040\000m\000o\000d\000u\000l\000e}{section.9}% 38
\BOOKMARK [2][-]{subsection.9.4}{\376\377\000T\000h\000e\000\040\000s\000u\000b\000m\000o\000d\000u\000l\000e\000\040\000t\000h\000e\000o\000r\000e\000m}{section.9}% 39
\BOOKMARK [2][-]{subsection.9.5}{\376\377\000S\000t\000a\000n\000d\000a\000r\000d\000\040\000t\000a\000b\000l\000e\000a\000u\000x\000\040\000a\000n\000d\000\040\000b\000a\000s\000i\000s\000\040\000f\000o\000r\000\040\000S\000:\000\040\000l\000i\000n\000e\000a\000r\000\040\000i\000n\000d\000e\000p\000e\000n\000d\000e\000n\000c\000e}{section.9}% 40
\BOOKMARK [1][-]{section.10}{\376\377\000M\000o\000r\000e\000\040\000e\000x\000a\000m\000p\000l\000e\000s}{}% 41
\BOOKMARK [2][-]{subsection.10.1}{\376\377\000A\000l\000t\000e\000r\000n\000a\000t\000i\000n\000g\000\040\000g\000r\000o\000u\000p\000\040\000A\0004}{section.10}% 42
\BOOKMARK [2][-]{subsection.10.2}{\376\377\000D\000i\000h\000e\000d\000r\000a\000l\000\040\000g\000r\000o\000u\000p}{section.10}% 43
\BOOKMARK [2][-]{subsection.10.3}{\376\377\000Q\000u\000a\000t\000e\000r\000n\000i\000o\000n\000\040\000g\000r\000o\000u\000p\000\040\000Q\0008}{section.10}% 44
